  VirtualBox.cpp
d:\projects\launcher\include\filesystem.h(13): fatal error C1189: #error:  Not Implemented for this platform
  String.cpp
  Settings.cpp
d:\projects\launcher\include\filesystem.h(13): fatal error C1189: #error:  Not Implemented for this platform
  Session.cpp
d:\projects\launcher\include\filesystem.h(13): fatal error C1189: #error:  Not Implemented for this platform
  SSH.cpp
d:\projects\launcher\include\ssh.h(7): fatal error C1083: Cannot open include file: 'libssh/libssh.h': No such file or directory
  SLFunctions.cpp
d:\projects\launcher\include\slfunctions.h(6): fatal error C1083: Cannot open include file: 'Python.h': No such file or directory
  SL.cpp
d:\projects\launcher\include\sl.h(5): fatal error C1083: Cannot open include file: 'Python.h': No such file or directory
  Process.cpp
d:\projects\launcher\src\process.cpp(5): error C2653: 'SubutaiLauncher': is not a class or namespace name
d:\projects\launcher\src\process.cpp(6): error C4430: missing type specifier - int assumed. Note: C++ does not support default-int
d:\projects\launcher\src\process.cpp(8): warning C4508: 'Process': function should return a value; 'void' return type assumed
d:\projects\launcher\src\process.cpp(10): error C2653: 'SubutaiLauncher': is not a class or namespace name
d:\projects\launcher\src\process.cpp(11): error C4430: missing type specifier - int assumed. Note: C++ does not support default-int
d:\projects\launcher\src\process.cpp(11): error C2084: function 'int Process(void)' already has a body
  d:\projects\launcher\src\process.cpp(5): note: see previous definition of 'Process'
d:\projects\launcher\src\process.cpp(12): error C3861: 'closeFds': identifier not found
d:\projects\launcher\src\process.cpp(15): error C2653: 'SubutaiLauncher': is not a class or namespace name
d:\projects\launcher\src\process.cpp(15): error C2039: 'string': is not a member of 'std'
  d:\projects\launcher\subutai-launcher\predefined c++ types (compiler internal)(208): note: see declaration of 'std'
d:\projects\launcher\src\process.cpp(15): error C4430: missing type specifier - int assumed. Note: C++ does not support default-int
d:\projects\launcher\src\process.cpp(15): error C2143: syntax error: missing ',' before '&'
d:\projects\launcher\src\process.cpp(20): error C2653: 'SubutaiLauncher': is not a class or namespace name
d:\projects\launcher\src\process.cpp(20): error C4430: missing type specifier - int assumed. Note: C++ does not support default-int
d:\projects\launcher\src\process.cpp(20): error C2146: syntax error: missing ';' before identifier 'launch'
d:\projects\launcher\src\process.cpp(20): error C2039: 'string': is not a member of 'std'
  d:\projects\launcher\subutai-launcher\predefined c++ types (compiler internal)(208): note: see declaration of 'std'
d:\projects\launcher\src\process.cpp(20): error C2039: 'vector': is not a member of 'std'
  d:\projects\launcher\subutai-launcher\predefined c++ types (compiler internal)(208): note: see declaration of 'std'
d:\projects\launcher\src\process.cpp(21): error C2143: syntax error: missing ';' before '{'
d:\projects\launcher\src\process.cpp(21): error C2447: '{': missing function header (old-style formal list?)
d:\projects\launcher\src\process.cpp(67): error C2653: 'SubutaiLauncher': is not a class or namespace name
d:\projects\launcher\src\process.cpp(71): error C2065: '_pid': undeclared identifier
d:\projects\launcher\src\process.cpp(71): error C3861: 'waitpid': identifier not found
d:\projects\launcher\src\process.cpp(72): error C2065: 'errno': undeclared identifier
d:\projects\launcher\src\process.cpp(72): error C2065: 'EINTR': undeclared identifier
d:\projects\launcher\src\process.cpp(73): error C2065: '_pid': undeclared identifier
d:\projects\launcher\src\process.cpp(74): error C3861: 'SubutaiException': identifier not found
d:\projects\launcher\src\process.cpp(75): error C3861: 'WEXITSTATUS': identifier not found
d:\projects\launcher\src\process.cpp(78): error C2039: 'string': is not a member of 'std'
  d:\projects\launcher\subutai-launcher\predefined c++ types (compiler internal)(208): note: see declaration of 'std'
d:\projects\launcher\src\process.cpp(78): error C2653: 'SubutaiLauncher': is not a class or namespace name
d:\projects\launcher\src\process.cpp(78): error C4430: missing type specifier - int assumed. Note: C++ does not support default-int
d:\projects\launcher\src\process.cpp(78): error C2146: syntax error: missing ';' before identifier 'getOutputBuffer'
d:\projects\launcher\src\process.cpp(79): error C2143: syntax error: missing ';' before '{'
d:\projects\launcher\src\process.cpp(79): error C2447: '{': missing function header (old-style formal list?)
d:\projects\launcher\src\process.cpp(93): error C2039: 'string': is not a member of 'std'
  d:\projects\launcher\subutai-launcher\predefined c++ types (compiler internal)(208): note: see declaration of 'std'
d:\projects\launcher\src\process.cpp(93): error C2653: 'SubutaiLauncher': is not a class or namespace name
d:\projects\launcher\src\process.cpp(93): error C4430: missing type specifier - int assumed. Note: C++ does not support default-int
d:\projects\launcher\src\process.cpp(93): error C2086: 'int string': redefinition
  d:\projects\launcher\src\process.cpp(78): note: see declaration of 'string'
d:\projects\launcher\src\process.cpp(93): error C2146: syntax error: missing ';' before identifier 'getErrorBuffer'
d:\projects\launcher\src\process.cpp(94): error C2143: syntax error: missing ';' before '{'
d:\projects\launcher\src\process.cpp(94): error C2447: '{': missing function header (old-style formal list?)
d:\projects\launcher\src\process.cpp(108): error C2653: 'SubutaiLauncher': is not a class or namespace name
d:\projects\launcher\src\process.cpp(111): error C3861: 'pipe': identifier not found
d:\projects\launcher\src\process.cpp(113): error C2065: '_inRead': undeclared identifier
d:\projects\launcher\src\process.cpp(114): error C2065: '_inWrite': undeclared identifier
d:\projects\launcher\src\process.cpp(115): error C3861: 'SubutaiException': identifier not found
d:\projects\launcher\src\process.cpp(116): error C3861: 'pipe': identifier not found
d:\projects\launcher\src\process.cpp(118): error C2065: '_outRead': undeclared identifier
d:\projects\launcher\src\process.cpp(119): error C2065: '_outWrite': undeclared identifier
d:\projects\launcher\src\process.cpp(120): error C3861: 'SubutaiException': identifier not found
d:\projects\launcher\src\process.cpp(121): error C3861: 'pipe': identifier not found
d:\projects\launcher\src\process.cpp(123): error C2065: '_errRead': undeclared identifier
d:\projects\launcher\src\process.cpp(124): error C2065: '_errWrite': undeclared identifier
d:\projects\launcher\src\process.cpp(125): error C3861: 'SubutaiException': identifier not found
d:\projects\launcher\src\process.cpp(128): error C2653: 'SubutaiLauncher': is not a class or namespace name
d:\projects\launcher\src\process.cpp(130): error C2065: '_inRead': undeclared identifier
d:\projects\launcher\src\process.cpp(131): error C2065: '_inRead': undeclared identifier
d:\projects\launcher\src\process.cpp(131): error C3861: 'close': identifier not found
d:\projects\launcher\src\process.cpp(132): error C2065: '_inRead': undeclared identifier
d:\projects\launcher\src\process.cpp(134): error C2065: '_inWrite': undeclared identifier
d:\projects\launcher\src\process.cpp(135): error C2065: '_inWrite': undeclared identifier
d:\projects\launcher\src\process.cpp(135): error C3861: 'close': identifier not found
d:\projects\launcher\src\process.cpp(136): error C2065: '_inWrite': undeclared identifier
d:\projects\launcher\src\process.cpp(138): error C2065: '_outRead': undeclared identifier
d:\projects\launcher\src\process.cpp(139): error C2065: '_outRead': undeclared identifier
d:\projects\launcher\src\process.cpp(139): error C3861: 'close': identifier not found
d:\projects\launcher\src\process.cpp(140): error C2065: '_outRead': undeclared identifier
d:\projects\launcher\src\process.cpp(142): error C2065: '_outWrite': undeclared identifier
d:\projects\launcher\src\process.cpp(143): error C2065: '_outWrite': undeclared identifier
d:\projects\launcher\src\process.cpp(143): error C3861: 'close': identifier not found
d:\projects\launcher\src\process.cpp(144): error C2065: '_outWrite': undeclared identifier
d:\projects\launcher\src\process.cpp(146): error C2065: '_errRead': undeclared identifier
d:\projects\launcher\src\process.cpp(147): error C2065: '_errRead': undeclared identifier
d:\projects\launcher\src\process.cpp(147): error C3861: 'close': identifier not found
d:\projects\launcher\src\process.cpp(148): error C2065: '_errRead': undeclared identifier
d:\projects\launcher\src\process.cpp(150): error C2065: '_errWrite': undeclared identifier
d:\projects\launcher\src\process.cpp(151): error C2065: '_errWrite': undeclared identifier
d:\projects\launcher\src\process.cpp(151): error C3861: 'close': identifier not found
d:\projects\launcher\src\process.cpp(152): error C2065: '_errWrite': undeclared identifier
  P2P.cpp
d:\projects\launcher\src\p2p.cpp(4): error C2039: 'string': is not a member of 'std'
  c:\program files (x86)\windows kits\10\include\10.0.10240.0\ucrt\stddef.h(18): note: see declaration of 'std'
d:\projects\launcher\src\p2p.cpp(4): error C4430: missing type specifier - int assumed. Note: C++ does not support default-int
d:\projects\launcher\src\p2p.cpp(4): error C2653: 'SubutaiLauncher': is not a class or namespace name
d:\projects\launcher\src\p2p.cpp(4): error C2146: syntax error: missing ';' before identifier 'BIN'
d:\projects\launcher\src\p2p.cpp(4): error C2440: 'initializing': cannot convert from 'const char [4]' to 'int'
  d:\projects\launcher\src\p2p.cpp(4): note: There is no context in which this conversion is possible
d:\projects\launcher\src\p2p.cpp(6): error C2653: 'SubutaiLauncher': is not a class or namespace name
d:\projects\launcher\src\p2p.cpp(7): error C4430: missing type specifier - int assumed. Note: C++ does not support default-int
d:\projects\launcher\src\p2p.cpp(8): error C2065: '_version': undeclared identifier
d:\projects\launcher\src\p2p.cpp(9): warning C4508: 'P2P': function should return a value; 'void' return type assumed
d:\projects\launcher\src\p2p.cpp(11): error C2653: 'SubutaiLauncher': is not a class or namespace name
d:\projects\launcher\src\p2p.cpp(12): error C4430: missing type specifier - int assumed. Note: C++ does not support default-int
d:\projects\launcher\src\p2p.cpp(12): error C2084: function 'int P2P(void)' already has a body
  d:\projects\launcher\src\p2p.cpp(6): note: see previous definition of 'P2P'
d:\projects\launcher\src\p2p.cpp(16): error C2653: 'SubutaiLauncher': is not a class or namespace name
d:\projects\launcher\src\p2p.cpp(18): error C2061: syntax error: identifier 'Environment'
d:\projects\launcher\src\p2p.cpp(19): error C2065: 'String': undeclared identifier
d:\projects\launcher\src\p2p.cpp(20): error C2039: 'vector': is not a member of 'std'
  c:\program files (x86)\windows kits\10\include\10.0.10240.0\ucrt\stddef.h(18): note: see declaration of 'std'
d:\projects\launcher\src\p2p.cpp(20): error C2065: 'vector': undeclared identifier
d:\projects\launcher\src\p2p.cpp(20): error C2039: 'string': is not a member of 'std'
  c:\program files (x86)\windows kits\10\include\10.0.10240.0\ucrt\stddef.h(18): note: see declaration of 'std'
d:\projects\launcher\src\p2p.cpp(20): error C2065: 'path': undeclared identifier
d:\projects\launcher\src\p2p.cpp(21): error C2065: 'pathVar': undeclared identifier
d:\projects\launcher\src\p2p.cpp(21): error C2228: left of '.split' must have class/struct/union
  d:\projects\launcher\src\p2p.cpp(21): note: type is 'unknown-type'
d:\projects\launcher\src\p2p.cpp(21): error C2065: 'path': undeclared identifier
d:\projects\launcher\src\p2p.cpp(22): error C2065: 'FileSystem': undeclared identifier
d:\projects\launcher\src\p2p.cpp(22): error C2146: syntax error: missing ';' before identifier 'fs'
d:\projects\launcher\src\p2p.cpp(22): error C2065: 'fs': undeclared identifier
d:\projects\launcher\src\p2p.cpp(23): error C2065: 'path': undeclared identifier
d:\projects\launcher\src\p2p.cpp(23): error C2228: left of '.begin' must have class/struct/union
  d:\projects\launcher\src\p2p.cpp(23): note: type is 'unknown-type'
d:\projects\launcher\src\p2p.cpp(23): error C3536: 'it': cannot be used before it is initialized
d:\projects\launcher\src\p2p.cpp(23): error C2228: left of '.end' must have class/struct/union
  d:\projects\launcher\src\p2p.cpp(23): note: type is 'unknown-type'
d:\projects\launcher\src\p2p.cpp(24): error C2065: 'fs': undeclared identifier
d:\projects\launcher\src\p2p.cpp(24): error C2228: left of '.setPath' must have class/struct/union
  d:\projects\launcher\src\p2p.cpp(24): note: type is 'unknown-type'
d:\projects\launcher\src\p2p.cpp(24): error C2100: illegal indirection
d:\projects\launcher\src\p2p.cpp(25): error C2065: 'fs': undeclared identifier
d:\projects\launcher\src\p2p.cpp(25): error C2228: left of '.isFileExists' must have class/struct/union
  d:\projects\launcher\src\p2p.cpp(25): note: type is 'unknown-type'
d:\projects\launcher\src\p2p.cpp(26): error C2065: '_installed': undeclared identifier
d:\projects\launcher\src\p2p.cpp(27): error C2065: '_path': undeclared identifier
d:\projects\launcher\src\p2p.cpp(27): error C2100: illegal indirection
d:\projects\launcher\src\p2p.cpp(28): error C2065: '_location': undeclared identifier
d:\projects\launcher\src\p2p.cpp(28): error C2065: '_path': undeclared identifier
d:\projects\launcher\src\p2p.cpp(29): error C2065: '_path': undeclared identifier
d:\projects\launcher\src\p2p.cpp(29): error C2228: left of '.append' must have class/struct/union
  d:\projects\launcher\src\p2p.cpp(29): note: type is 'unknown-type'
d:\projects\launcher\src\p2p.cpp(29): error C2653: 'FileSystem': is not a class or namespace name
d:\projects\launcher\src\p2p.cpp(29): error C2065: 'DELIM': undeclared identifier
d:\projects\launcher\src\p2p.cpp(30): error C2065: '_path': undeclared identifier
d:\projects\launcher\src\p2p.cpp(30): error C2228: left of '.append' must have class/struct/union
  d:\projects\launcher\src\p2p.cpp(30): note: type is 'unknown-type'
d:\projects\launcher\src\p2p.cpp(37): error C2039: 'string': is not a member of 'std'
  c:\program files (x86)\windows kits\10\include\10.0.10240.0\ucrt\stddef.h(18): note: see declaration of 'std'
d:\projects\launcher\src\p2p.cpp(37): error C2653: 'SubutaiLauncher': is not a class or namespace name
d:\projects\launcher\src\p2p.cpp(37): error C4430: missing type specifier - int assumed. Note: C++ does not support default-int
d:\projects\launcher\src\p2p.cpp(37): error C2373: 'string': redefinition; different type modifiers
  d:\projects\launcher\src\p2p.cpp(4): note: see declaration of 'string'
d:\projects\launcher\src\p2p.cpp(37): error C2146: syntax error: missing ';' before identifier 'extractVersion'
d:\projects\launcher\src\p2p.cpp(38): error C2143: syntax error: missing ';' before '{'
d:\projects\launcher\src\p2p.cpp(38): error C2447: '{': missing function header (old-style formal list?)
d:\projects\launcher\src\p2p.cpp(55): error C2653: 'SubutaiLauncher': is not a class or namespace name
d:\projects\launcher\src\p2p.cpp(60): error C2653: 'SubutaiLauncher': is not a class or namespace name
d:\projects\launcher\src\p2p.cpp(65): error C2653: 'SubutaiLauncher': is not a class or namespace name
  InstallImpl_Linux.cpp
d:\projects\launcher\include\installimpl_linux.h(5): fatal error C1083: Cannot open include file: 'unistd.h': No such file or directory
  Install.cpp
d:\projects\launcher\include\install.h(8): fatal error C1083: Cannot open include file: 'InstallImpl_Windows.h': No such file or directory
  Hub.cpp
d:\projects\launcher\include\hub.h(7): fatal error C1083: Cannot open include file: 'curl/curl.h': No such file or directory
  FileSystem.cpp
d:\projects\launcher\include\filesystem.h(13): fatal error C1189: #error:  Not Implemented for this platform
  Environment.cpp
d:\projects\launcher\src\environment.cpp(21): error C4996: 'getenv': This function or variable may be unsafe. Consider using _dupenv_s instead. To disable deprecation, use _CRT_SECURE_NO_WARNINGS. See online help for details.
  c:\program files (x86)\windows kits\10\include\10.0.10240.0\ucrt\stdlib.h(1183): note: see declaration of 'getenv'
  Downloader.cpp
d:\projects\launcher\include\downloader.h(10): fatal error C1083: Cannot open include file: 'curl/curl.h': No such file or directory
  Core.cpp
d:\projects\launcher\include\core.h(7): fatal error C1083: Cannot open include file: 'Python.h': No such file or directory
  ConfigurationManager.cpp
d:\projects\launcher\include\filesystem.h(13): fatal error C1189: #error:  Not Implemented for this platform
  Generating Code...
  Skipping... (no relevant changes detected)
  SubutaiException.cpp
  SLException.cpp
  InstallImpl_Base.cpp
